[35m[1mConsolidate compiler generated dependencies of target role1_node[0m
[ 50%] [32mBuilding CXX object CMakeFiles/role1_node.dir/src/role1.cpp.o[0m
gmake[2]: *** wait: 没有子进程。 停止。
gmake[2]: *** 正在等待未完成的任务....
gmake[2]: *** wait: 没有子进程。 停止。
gmake[1]: *** [CMakeFiles/Makefile2:137：CMakeFiles/role1_node.dir/all] 错误 2
gmake: *** [Makefile:146: all] 中断
