[0.072s] Invoking command in '/home/hhh/role/build/role1': CMAKE_PREFIX_PATH=${CMAKE_PREFIX_PATH}:/opt/ros/humble /usr/bin/cmake --build /home/hhh/role/build/role1 -- -j8 -l8
[0.999s] [35m[1mConsolidate compiler generated dependencies of target role1_node[0m
[1.063s] [ 50%] [32mBuilding CXX object CMakeFiles/role1_node.dir/src/role1.cpp.o[0m
[1.225s] gmake[2]: *** wait: æ²¡æœ‰å­è¿›ç¨‹ã€‚ åœæ­¢ã€‚
[1.226s] gmake[2]: *** æ­£åœ¨ç­‰å¾…æœªå®Œæˆçš„ä»»åŠ¡....
[1.226s] gmake[2]: *** wait: æ²¡æœ‰å­è¿›ç¨‹ã€‚ åœæ­¢ã€‚
[1.227s] gmake[1]: *** [CMakeFiles/Makefile2:137ï¼šCMakeFiles/role1_node.dir/all] é”™è¯¯ 2
[1.227s] gmake: *** [Makefile:146: all] ä¸­æ–­
[1.233s] Invoked command in '/home/hhh/role/build/role1' returned '-2': CMAKE_PREFIX_PATH=${CMAKE_PREFIX_PATH}:/opt/ros/humble /usr/bin/cmake --build /home/hhh/role/build/role1 -- -j8 -l8
