[35m[1mConsolidate compiler generated dependencies of target role1_node[0m
[ 50%] [32mBuilding CXX object CMakeFiles/role1_node.dir/src/role1.cpp.o[0m
[01m[K/home/hhh/role/src/role1/src/role1.cpp:2:10:[m[K [01;31m[Kfatal error: [m[Kgeometry_msgs/msg/twist.hpp: æ²¡æœ‰é‚£ä¸ªæ–‡ä»¶æˆ–ç›®å½•
    2 | #include [01;31m[K"geometry_msgs/msg/twist.hpp"[m[K
      |          [01;31m[K^~~~~~~~~~~~~~~~~~~~~~~~~~~~~[m[K
compilation terminated.
gmake[2]: *** [CMakeFiles/role1_node.dir/build.make:76ï¼šCMakeFiles/role1_node.dir/src/role1.cpp.o] é”™è¯¯ 1
gmake[1]: *** [CMakeFiles/Makefile2:137ï¼šCMakeFiles/role1_node.dir/all] é”™è¯¯ 2
gmake: *** [Makefile:146ï¼šall] é”™è¯¯ 2
